-------------------------------------------------------------------------------
Test set: com.example.BasicApplicationTests
-------------------------------------------------------------------------------
Tests run: 1, Failures: 0, Errors: 1, Skipped: 0, Time elapsed: 1.382 s <<< FAILURE! - in com.example.BasicApplicationTests
contextLoads  Time elapsed: 0.001 s  <<< ERROR!
java.lang.IllegalStateException: Failed to load ApplicationContext
Caused by: org.springframework.beans.factory.BeanCreationException: Error creating bean with name 'courseRepository' defined in com.example.repository.CourseRepository defined in @EnableNeo4jRepositories declared on Neo4jRepositoriesRegistrar.EnableNeo4jRepositoriesConfiguration: Cannot resolve reference to bean 'neo4jTemplate' while setting bean property 'neo4jOperations'; nested exception is org.springframework.beans.factory.NoSuchBeanDefinitionException: No bean named 'neo4jTemplate' available
Caused by: org.springframework.beans.factory.NoSuchBeanDefinitionException: No bean named 'neo4jTemplate' available

